<?xml version="1.0" encoding="UTF-8"?>
<testsuite xmlns:xsi="http://www.w3.org/2001/XMLSchema-instance" xsi:schemaLocation="https://maven.apache.org/surefire/maven-surefire-plugin/xsd/surefire-test-report.xsd" name="TestSuite" time="39,420.427" tests="21" errors="0" skipped="0" failures="0">
  <properties>
    <property name="java.runtime.name" value="Java(TM) SE Runtime Environment"/>
    <property name="sun.boot.library.path" value="D:\Program Files\Java\jdk1.8.0_31\jre\bin"/>
    <property name="java.vm.version" value="25.31-b07"/>
    <property name="java.vm.vendor" value="Oracle Corporation"/>
    <property name="maven.multiModuleProjectDirectory" value="E:/DB/eclipse/workspace/SaaSTest"/>
    <property name="java.vendor.url" value="http://java.oracle.com/"/>
    <property name="path.separator" value=";"/>
    <property name="guice.disable.misplaced.annotation.check" value="true"/>
    <property name="java.vm.name" value="Java HotSpot(TM) 64-Bit Server VM"/>
    <property name="file.encoding.pkg" value="sun.io"/>
    <property name="user.script" value=""/>
    <property name="user.country" value="CN"/>
    <property name="sun.java.launcher" value="SUN_STANDARD"/>
    <property name="sun.os.patch.level" value="Service Pack 1"/>
    <property name="java.vm.specification.name" value="Java Virtual Machine Specification"/>
    <property name="user.dir" value="E:\DB\eclipse\workspace\SaaSTest"/>
    <property name="java.runtime.version" value="1.8.0_31-b13"/>
    <property name="java.awt.graphicsenv" value="sun.awt.Win32GraphicsEnvironment"/>
    <property name="java.endorsed.dirs" value="D:\Program Files\Java\jdk1.8.0_31\jre\lib\endorsed"/>
    <property name="os.arch" value="amd64"/>
    <property name="java.io.tmpdir" value="C:\Users\ADMINI~1\AppData\Local\Temp\"/>
    <property name="line.separator" value="&#10;"/>
    <property name="java.vm.specification.vendor" value="Oracle Corporation"/>
    <property name="user.variant" value=""/>
    <property name="os.name" value="Windows 7"/>
    <property name="classworlds.conf" value="E:/DB/apache-maven-3.5.2/bin/m2.conf"/>
    <property name="sun.jnu.encoding" value="GBK"/>
    <property name="java.library.path" value="D:\Program Files\Java\jdk1.8.0_31\bin;C:\Windows\Sun\Java\bin;C:\Windows\system32;C:\Windows;C:\Users\Administrator\bin;C:\Program Files\Git\mingw64\bin;C:\Program Files\Git\usr\local\bin;C:\Program Files\Git\usr\bin;C:\Program Files\Git\usr\bin;C:\Program Files\Git\mingw64\bin;C:\Program Files\Git\usr\bin;C:\Users\Administrator\bin;D:\Program Files\Java\jdk1.8.0_31\bin;D:\Program Files\Java\jdk1.8.0_31\jre\bin;C:\ProgramData\Oracle\Java\javapath;C:\Program Files (x86)\Common Files\NetSarang;C:\Windows\system32;C:\Windows;C:\Windows\System32\Wbem;C:\Windows\System32\WindowsPowerShell\v1.0;C:\Program Files (x86)\NVIDIA Corporation\PhysX\Common;C:\Windows\Help\1.3.4.2;C:\Windows\Help\1.3.4.2;D:\Debugging Tools for Windows (x64);C:\Python34;C:\Program Files\TortoiseSVN\bin;C:\Program Files\EmEditor;E:\android-sdk-windows\platform-tools;F:\1-DB\cmder;D:\apache-jmeter-4.0\bin;C:\Program Files (x86)\Appium\node_modules\.bin;E:\DB\apache-maven-3.5.2\bin;C:\Program Files\Git\cmd;C:\Program Files (x86)\Appium\node_modules\.bin;C:\Program Files\nodejs;C:\Users\Administrator\AppData\Roaming\npm;C:\Program Files\Git\usr\bin\vendor_perl;C:\Program Files\Git\usr\bin\core_perl;."/>
    <property name="jansi.passthrough" value="true"/>
    <property name="maven.conf" value="E:/DB/apache-maven-3.5.2/conf"/>
    <property name="java.specification.name" value="Java Platform API Specification"/>
    <property name="java.class.version" value="52.0"/>
    <property name="sun.management.compiler" value="HotSpot 64-Bit Tiered Compilers"/>
    <property name="os.version" value="6.1"/>
    <property name="library.jansi.path" value="E:/DB/apache-maven-3.5.2/lib/jansi-native"/>
    <property name="user.home" value="C:\Users\Administrator"/>
    <property name="user.timezone" value="Asia/Shanghai"/>
    <property name="java.awt.printerjob" value="sun.awt.windows.WPrinterJob"/>
    <property name="java.specification.version" value="1.8"/>
    <property name="file.encoding" value="GBK"/>
    <property name="user.name" value="Administrator"/>
    <property name="java.class.path" value="E:/DB/apache-maven-3.5.2/boot/plexus-classworlds-2.5.2.jar"/>
    <property name="java.vm.specification.version" value="1.8"/>
    <property name="sun.arch.data.model" value="64"/>
    <property name="java.home" value="D:\Program Files\Java\jdk1.8.0_31\jre"/>
    <property name="sun.java.command" value="org.codehaus.plexus.classworlds.launcher.Launcher test"/>
    <property name="java.specification.vendor" value="Oracle Corporation"/>
    <property name="user.language" value="zh"/>
    <property name="awt.toolkit" value="sun.awt.windows.WToolkit"/>
    <property name="java.vm.info" value="mixed mode"/>
    <property name="java.version" value="1.8.0_31"/>
    <property name="java.ext.dirs" value="D:\Program Files\Java\jdk1.8.0_31\jre\lib\ext;C:\Windows\Sun\Java\lib\ext"/>
    <property name="sun.boot.class.path" value="D:\Program Files\Java\jdk1.8.0_31\jre\lib\resources.jar;D:\Program Files\Java\jdk1.8.0_31\jre\lib\rt.jar;D:\Program Files\Java\jdk1.8.0_31\jre\lib\sunrsasign.jar;D:\Program Files\Java\jdk1.8.0_31\jre\lib\jsse.jar;D:\Program Files\Java\jdk1.8.0_31\jre\lib\jce.jar;D:\Program Files\Java\jdk1.8.0_31\jre\lib\charsets.jar;D:\Program Files\Java\jdk1.8.0_31\jre\lib\jfr.jar;D:\Program Files\Java\jdk1.8.0_31\jre\classes"/>
    <property name="java.vendor" value="Oracle Corporation"/>
    <property name="maven.home" value="E:\DB\apache-maven-3.5.2"/>
    <property name="file.separator" value="\"/>
    <property name="java.vendor.url.bug" value="http://bugreport.sun.com/bugreport/"/>
    <property name="sun.cpu.endian" value="little"/>
    <property name="sun.io.unicode.encoding" value="UnicodeLittle"/>
    <property name="sun.desktop" value="windows"/>
    <property name="sun.cpu.isalist" value="amd64"/>
  </properties>
  <testcase name="testLogin" classname="com.beeboxes.face.people.testcase.TestPeopleManagement" time="3.026"/>
  <testcase name="getPeopleManagement" classname="com.beeboxes.face.people.testcase.TestPeopleManagement" time="2.189"/>
  <testcase name="batchAddingStaff" classname="com.beeboxes.face.people.testcase.TestPeopleManagement" time="2,074.037"/>
  <testcase name="batchAddingStaff" classname="com.beeboxes.face.people.testcase.TestPeopleManagement" time="2,074.092"/>
  <testcase name="batchAddingStaff" classname="com.beeboxes.face.people.testcase.TestPeopleManagement" time="2,073.992"/>
  <testcase name="batchAddingStaff" classname="com.beeboxes.face.people.testcase.TestPeopleManagement" time="2,073.982"/>
  <testcase name="batchAddingStaff" classname="com.beeboxes.face.people.testcase.TestPeopleManagement" time="2,073.987"/>
  <testcase name="batchAddingStaff" classname="com.beeboxes.face.people.testcase.TestPeopleManagement" time="2,073.962"/>
  <testcase name="batchAddingStaff" classname="com.beeboxes.face.people.testcase.TestPeopleManagement" time="2,074.15"/>
  <testcase name="batchAddingStaff" classname="com.beeboxes.face.people.testcase.TestPeopleManagement" time="2,074.129"/>
  <testcase name="batchAddingStaff" classname="com.beeboxes.face.people.testcase.TestPeopleManagement" time="2,074.305"/>
  <testcase name="batchAddingStaff" classname="com.beeboxes.face.people.testcase.TestPeopleManagement" time="2,074.159"/>
  <testcase name="batchAddingStaff" classname="com.beeboxes.face.people.testcase.TestPeopleManagement" time="2,074.28"/>
  <testcase name="batchAddingStaff" classname="com.beeboxes.face.people.testcase.TestPeopleManagement" time="2,074.109"/>
  <testcase name="batchAddingStaff" classname="com.beeboxes.face.people.testcase.TestPeopleManagement" time="2,074.136"/>
  <testcase name="batchAddingStaff" classname="com.beeboxes.face.people.testcase.TestPeopleManagement" time="2,074.241"/>
  <testcase name="batchAddingStaff" classname="com.beeboxes.face.people.testcase.TestPeopleManagement" time="2,074.117"/>
  <testcase name="batchAddingStaff" classname="com.beeboxes.face.people.testcase.TestPeopleManagement" time="2,074.241"/>
  <testcase name="batchAddingStaff" classname="com.beeboxes.face.people.testcase.TestPeopleManagement" time="2,074.28"/>
  <testcase name="batchAddingStaff" classname="com.beeboxes.face.people.testcase.TestPeopleManagement" time="2,074.045"/>
  <testcase name="batchAddingStaff" classname="com.beeboxes.face.people.testcase.TestPeopleManagement" time="2,074.017"/>
</testsuite>